2015-11-17 17:39:29,950 INFO  [org.jboss.modules] (main) JBoss Modules version 1.3.3.Final
2015-11-17 17:39:32,003 INFO  [org.jboss.msc] (main) JBoss MSC version 1.2.2.Final
2015-11-17 17:39:32,138 INFO  [org.jboss.as] (MSC service thread 1-7) JBAS015899: WildFly 8.2.0.Final "Tweek" starting
2015-11-17 17:39:32,154 DEBUG [org.jboss.as.config] (MSC service thread 1-7) Configured system properties:
	awt.toolkit = sun.awt.windows.WToolkit
	file.encoding = Cp1252
	file.encoding.pkg = sun.io
	file.separator = \
	java.awt.graphicsenv = sun.awt.Win32GraphicsEnvironment
	java.awt.headless = true
	java.awt.printerjob = sun.awt.windows.WPrinterJob
	java.class.path = C:\Users\côme\Documents\GitHub\ASI-2\wildfly-8.2.0.Final\jboss-modules.jar
	java.class.version = 51.0
	java.endorsed.dirs = C:\Program Files\Java\jdk1.7.0_80\jre\lib\endorsed
	java.ext.dirs = C:\Program Files\Java\jdk1.7.0_80\jre\lib\ext;C:\WINDOWS\Sun\Java\lib\ext
	java.home = C:\Program Files\Java\jdk1.7.0_80\jre
	java.io.tmpdir = C:\Users\CME~1\AppData\Local\Temp\
	java.library.path = C:\Program Files\Java\jdk1.7.0_80\bin;C:\WINDOWS\Sun\Java\bin;C:\WINDOWS\system32;C:\WINDOWS;native;C:\ProgramData\Oracle\Java\javapath;C:\Program Files (x86)\Intel\iCLS Client\;C:\Program Files\Intel\iCLS Client\;C:\WINDOWS\system32;C:\WINDOWS;C:\WINDOWS\System32\Wbem;C:\WINDOWS\System32\WindowsPowerShell\v1.0\;C:\Program Files\Intel\Intel(R) Management Engine Components\DAL;C:\Program Files\Intel\Intel(R) Management Engine Components\IPT;C:\Program Files (x86)\Intel\Intel(R) Management Engine Components\DAL;C:\Program Files (x86)\Intel\Intel(R) Management Engine Components\IPT;C:\Program Files (x86)\NVIDIA Corporation\PhysX\Common;C:\Program Files (x86)\Skype\Phone\;C:\WINDOWS\system32;C:\WINDOWS;C:\WINDOWS\System32\Wbem;C:\WINDOWS\System32\WindowsPowerShell\v1.0\;C:\Program Files (x86)\Windows Live\Shared;C:\Program Files\nodejs\;C:\Program Files (x86)\Brackets\command;C:\Program Files\Apache\apache-maven-3.3.3\bin;C:\Program Files\MongoDB\Server\3.0\bin\;C:\ProgramData\Oracle\Java\javapath;C:\Program Files (x86)\Intel\iCLS Client\;C:\Program Files\Intel\iCLS Client\;C:\WINDOWS\system32;C:\WINDOWS;C:\WINDOWS\System32\Wbem;C:\WINDOWS\System32\WindowsPowerShell\v1.0\;C:\Program Files\Intel\Intel(R) Management Engine Components\DAL;C:\Program Files\Intel\Intel(R) Management Engine Components\IPT;C:\Program Files (x86)\Intel\Intel(R) Management Engine Components\DAL;C:\Program Files (x86)\Intel\Intel(R) Management Engine Components\IPT;C:\Program Files (x86)\NVIDIA Corporation\PhysX\Common;C:\Program Files (x86)\Skype\Phone\;C:\Program Files (x86)\Brackets\command;C:\Program Files (x86)\Windows Live\Shared;C:\Program Files\nodejs\;C:\Users\c“me\AppData\Roaming\npm;.
	java.net.preferIPv4Stack = true
	java.runtime.name = Java(TM) SE Runtime Environment
	java.runtime.version = 1.7.0_80-b15
	java.specification.name = Java Platform API Specification
	java.specification.vendor = Oracle Corporation
	java.specification.version = 1.7
	java.util.logging.manager = org.jboss.logmanager.LogManager
	java.vendor = Oracle Corporation
	java.vendor.url = http://java.oracle.com/
	java.vendor.url.bug = http://bugreport.sun.com/bugreport/
	java.version = 1.7.0_80
	java.vm.info = mixed mode
	java.vm.name = Java HotSpot(TM) 64-Bit Server VM
	java.vm.specification.name = Java Virtual Machine Specification
	java.vm.specification.vendor = Oracle Corporation
	java.vm.specification.version = 1.7
	java.vm.vendor = Oracle Corporation
	java.vm.version = 24.80-b11
	javax.management.builder.initial = org.jboss.as.jmx.PluggableMBeanServerBuilder
	javax.xml.datatype.DatatypeFactory = __redirected.__DatatypeFactory
	javax.xml.parsers.DocumentBuilderFactory = __redirected.__DocumentBuilderFactory
	javax.xml.parsers.SAXParserFactory = __redirected.__SAXParserFactory
	javax.xml.stream.XMLEventFactory = __redirected.__XMLEventFactory
	javax.xml.stream.XMLInputFactory = __redirected.__XMLInputFactory
	javax.xml.stream.XMLOutputFactory = __redirected.__XMLOutputFactory
	javax.xml.transform.TransformerFactory = __redirected.__TransformerFactory
	javax.xml.validation.SchemaFactory:http://www.w3.org/2001/XMLSchema = __redirected.__SchemaFactory
	javax.xml.xpath.XPathFactory:http://java.sun.com/jaxp/xpath/dom = __redirected.__XPathFactory
	jboss.bind.address = localhost
	jboss.home.dir = C:\Users\côme\Documents\GitHub\ASI-2\wildfly-8.2.0.Final
	jboss.host.name = pc-câme
	jboss.modules.dir = C:\Users\côme\Documents\GitHub\ASI-2\wildfly-8.2.0.Final\modules
	jboss.modules.system.pkgs = org.jboss.byteman
	jboss.node.name = pc-câme
	jboss.qualified.host.name = pc-câme
	jboss.server.base.dir = C:\Users\côme\Documents\GitHub\ASI-2\wildfly-8.2.0.Final\standalone
	jboss.server.config.dir = C:\Users\côme\Documents\GitHub\ASI-2\wildfly-8.2.0.Final\standalone\configuration
	jboss.server.data.dir = C:\Users\côme\Documents\GitHub\ASI-2\wildfly-8.2.0.Final\standalone\data
	jboss.server.deploy.dir = C:\Users\côme\Documents\GitHub\ASI-2\wildfly-8.2.0.Final\standalone\data\content
	jboss.server.log.dir = C:\Users\côme\Documents\GitHub\ASI-2\wildfly-8.2.0.Final\standalone\log
	jboss.server.name = pc-câme
	jboss.server.persist.config = true
	jboss.server.temp.dir = C:\Users\côme\Documents\GitHub\ASI-2\wildfly-8.2.0.Final\standalone\tmp
	line.separator = 

	logging.configuration = file:/C:/Users/côme/Documents/GitHub/ASI-2/wildfly-8.2.0.Final/standalone/configuration/logging.properties
	module.path = C:/Users/côme/Documents/GitHub/ASI-2/wildfly-8.2.0.Final/modules
	org.jboss.boot.log.file = C:/Users/côme/Documents/GitHub/ASI-2/wildfly-8.2.0.Final/standalone/log/boot.log
	org.jboss.logmanager.nocolor = true
	org.jboss.resolver.warning = true
	org.xml.sax.driver = __redirected.__XMLReaderFactory
	os.arch = amd64
	os.name = Windows 8.1
	os.version = 6.3
	path.separator = ;
	program.name = JBossTools: WildFly 8.0 Runtime Server
	sun.arch.data.model = 64
	sun.boot.class.path = C:\Program Files\Java\jdk1.7.0_80\jre\lib\resources.jar;C:\Program Files\Java\jdk1.7.0_80\jre\lib\rt.jar;C:\Program Files\Java\jdk1.7.0_80\jre\lib\sunrsasign.jar;C:\Program Files\Java\jdk1.7.0_80\jre\lib\jsse.jar;C:\Program Files\Java\jdk1.7.0_80\jre\lib\jce.jar;C:\Program Files\Java\jdk1.7.0_80\jre\lib\charsets.jar;C:\Program Files\Java\jdk1.7.0_80\jre\lib\jfr.jar;C:\Program Files\Java\jdk1.7.0_80\jre\classes;C:\Program Files\Java\jdk1.7.0_80\jre\lib\resources.jar;C:\Program Files\Java\jdk1.7.0_80\jre\lib\rt.jar;C:\Program Files\Java\jdk1.7.0_80\jre\lib\jsse.jar;C:\Program Files\Java\jdk1.7.0_80\jre\lib\jce.jar;C:\Program Files\Java\jdk1.7.0_80\jre\lib\charsets.jar;C:\Program Files\Java\jdk1.7.0_80\jre\lib\jfr.jar
	sun.boot.library.path = C:\Program Files\Java\jdk1.7.0_80\jre\bin
	sun.cpu.endian = little
	sun.cpu.isalist = amd64
	sun.desktop = windows
	sun.io.unicode.encoding = UnicodeLittle
	sun.java.command = org.jboss.modules.Main -mp C:/Users/côme/Documents/GitHub/ASI-2/wildfly-8.2.0.Final/modules -jaxpmodule javax.xml.jaxp-provider org.jboss.as.standalone -b localhost --server-config=standalone-full.xml
	sun.java.launcher = SUN_STANDARD
	sun.jnu.encoding = Cp1252
	sun.management.compiler = HotSpot 64-Bit Tiered Compilers
	sun.os.patch.level = 
	sun.rmi.dgc.client.gcInterval = 3600000
	sun.rmi.dgc.server.gcInterval = 3600000
	user.country = FR
	user.dir = C:\Users\côme\Documents\GitHub\ASI-2\wildfly-8.2.0.Final\bin
	user.home = C:\Users\côme
	user.language = fr
	user.name = c“me
	user.script = 
	user.timezone = Europe/Paris
	user.variant = 
2015-11-17 17:39:32,154 DEBUG [org.jboss.as.config] (MSC service thread 1-7) VM Arguments: -Dprogram.name=JBossTools: WildFly 8.0 Runtime Server -Xms64m -Xmx512m -XX:MaxPermSize=256m -Dorg.jboss.resolver.warning=true -Djava.net.preferIPv4Stack=true -Dsun.rmi.dgc.client.gcInterval=3600000 -Dsun.rmi.dgc.server.gcInterval=3600000 -Djboss.modules.system.pkgs=org.jboss.byteman -Djava.awt.headless=true -Dorg.jboss.boot.log.file=C:/Users/côme/Documents/GitHub/ASI-2/wildfly-8.2.0.Final/standalone/log/boot.log -Dlogging.configuration=file:/C:/Users/côme/Documents/GitHub/ASI-2/wildfly-8.2.0.Final/standalone/configuration/logging.properties -Djboss.home.dir=C:/Users/côme/Documents/GitHub/ASI-2/wildfly-8.2.0.Final -Dorg.jboss.logmanager.nocolor=true -Dfile.encoding=Cp1252 -Xbootclasspath/a:C:\Program Files\Java\jdk1.7.0_80\jre\lib\resources.jar;C:\Program Files\Java\jdk1.7.0_80\jre\lib\rt.jar;C:\Program Files\Java\jdk1.7.0_80\jre\lib\jsse.jar;C:\Program Files\Java\jdk1.7.0_80\jre\lib\jce.jar;C:\Program Files\Java\jdk1.7.0_80\jre\lib\charsets.jar;C:\Program Files\Java\jdk1.7.0_80\jre\lib\jfr.jar 
2015-11-17 17:39:40,418 INFO  [org.jboss.as.server.deployment.scanner] (DeploymentScanner-threads - 1) JBAS015003: Found FrontAuthWatcherWebService.war in deployment directory. To trigger deployment create a file called FrontAuthWatcherWebService.war.dodeploy
2015-11-17 17:39:40,452 INFO  [org.jboss.as.server] (Controller Boot Thread) JBAS015888: Creating http management service using socket-binding (management-http)
2015-11-17 17:39:40,581 INFO  [org.xnio] (MSC service thread 1-4) XNIO version 3.3.0.Final
2015-11-17 17:39:40,617 INFO  [org.xnio.nio] (MSC service thread 1-4) XNIO NIO Implementation Version 3.3.0.Final
2015-11-17 17:39:40,680 WARN  [org.jboss.as.txn] (ServerService Thread Pool -- 52) JBAS010153: Node identifier property is set to the default value. Please make sure it is unique.
2015-11-17 17:39:40,680 INFO  [org.jboss.as.security] (ServerService Thread Pool -- 51) JBAS013171: Activating Security Subsystem
2015-11-17 17:39:40,696 INFO  [org.jboss.as.clustering.infinispan] (ServerService Thread Pool -- 35) JBAS010280: Activating Infinispan subsystem.
2015-11-17 17:39:40,696 INFO  [org.jboss.as.jacorb] (ServerService Thread Pool -- 36) JBAS016300: Activating JacORB Subsystem
2015-11-17 17:39:40,696 INFO  [org.jboss.as.jsf] (ServerService Thread Pool -- 42) JBAS012615: Activated the following JSF Implementations: [main]
2015-11-17 17:39:40,712 INFO  [org.jboss.as.naming] (ServerService Thread Pool -- 46) JBAS011800: Activating Naming Subsystem
2015-11-17 17:39:40,850 INFO  [org.jboss.as.security] (MSC service thread 1-6) JBAS013170: Current PicketBox version=4.0.21.Final
2015-11-17 17:39:40,865 INFO  [org.jboss.as.webservices] (ServerService Thread Pool -- 54) JBAS015537: Activating WebServices Extension
2015-11-17 17:39:41,466 INFO  [org.jboss.as.connector.logging] (MSC service thread 1-2) JBAS010408: Starting JCA Subsystem (IronJacamar 1.1.9.Final)
2015-11-17 17:39:41,550 INFO  [org.wildfly.extension.undertow] (MSC service thread 1-5) JBAS017502: Undertow 1.1.0.Final starting
2015-11-17 17:39:41,550 INFO  [org.wildfly.extension.undertow] (ServerService Thread Pool -- 53) JBAS017502: Undertow 1.1.0.Final starting
2015-11-17 17:39:41,819 INFO  [org.wildfly.extension.io] (ServerService Thread Pool -- 34) WFLYIO001: Worker 'default' has auto-configured to 8 core threads with 64 task threads based on your 4 available processors
2015-11-17 17:39:42,335 INFO  [org.wildfly.extension.undertow] (ServerService Thread Pool -- 53) JBAS017527: Creating file handler for path C:\Users\côme\Documents\GitHub\ASI-2\wildfly-8.2.0.Final/welcome-content
2015-11-17 17:39:42,621 INFO  [org.jboss.as.connector.subsystems.datasources] (ServerService Thread Pool -- 30) JBAS010403: Deploying JDBC-compliant driver class org.h2.Driver (version 1.3)
2015-11-17 17:39:42,631 INFO  [org.jboss.as.connector.deployers.jdbc] (MSC service thread 1-1) JBAS010417: Started Driver service with driver-name = h2
2015-11-17 17:39:43,688 INFO  [org.jboss.as.naming] (MSC service thread 1-3) JBAS011802: Starting Naming Service
2015-11-17 17:39:43,715 INFO  [org.jboss.as.mail.extension] (MSC service thread 1-3) JBAS015400: Bound mail session [java:jboss/mail/Default]
2015-11-17 17:39:43,785 INFO  [org.wildfly.extension.undertow] (MSC service thread 1-5) JBAS017525: Started server default-server.
2015-11-17 17:39:43,869 INFO  [org.jboss.remoting] (MSC service thread 1-4) JBoss Remoting version 4.0.6.Final
2015-11-17 17:39:43,954 WARN  [jacorb.codeset] (MSC service thread 1-2) Warning - unknown codeset (Cp1252) - defaulting to ISO-8859-1
2015-11-17 17:39:44,038 INFO  [org.wildfly.extension.undertow] (MSC service thread 1-7) JBAS017531: Host default-host starting
2015-11-17 17:39:44,123 INFO  [org.wildfly.extension.undertow] (MSC service thread 1-5) JBAS017519: Undertow HTTP listener default listening on localhost/127.0.0.1:8080
2015-11-17 17:39:44,370 WARN  [org.jboss.as.messaging] (MSC service thread 1-6) JBAS011600: AIO wasn't located on this platform, it will fall back to using pure Java NIO. If your platform is Linux, install LibAIO to enable the AIO journal
2015-11-17 17:39:44,386 INFO  [org.jboss.as.server.deployment] (MSC service thread 1-1) JBAS015876: Starting deployment of "mysql-connector-java-5.1.33.jar" (runtime-name: "mysql-connector-java-5.1.33.jar")
2015-11-17 17:39:44,386 INFO  [org.jboss.as.server.deployment] (MSC service thread 1-8) JBAS015876: Starting deployment of "FrontAuthWatcherWebService.war" (runtime-name: "FrontAuthWatcherWebService.war")
2015-11-17 17:39:44,386 INFO  [org.jboss.as.server.deployment.scanner] (MSC service thread 1-3) JBAS015012: Started FileSystemDeploymentService for directory C:\Users\côme\Documents\GitHub\ASI-2\wildfly-8.2.0.Final\standalone\deployments
2015-11-17 17:39:45,387 INFO  [org.hornetq.core.server] (ServerService Thread Pool -- 56) HQ221000: live server is starting with configuration HornetQ Configuration (clustered=false,backup=false,sharedStore=true,journalDirectory=C:\Users\côme\Documents\GitHub\ASI-2\wildfly-8.2.0.Final\standalone\data\messagingjournal,bindingsDirectory=C:\Users\côme\Documents\GitHub\ASI-2\wildfly-8.2.0.Final\standalone\data\messagingbindings,largeMessagesDirectory=C:\Users\côme\Documents\GitHub\ASI-2\wildfly-8.2.0.Final\standalone\data\messaginglargemessages,pagingDirectory=C:\Users\côme\Documents\GitHub\ASI-2\wildfly-8.2.0.Final\standalone\data\messagingpaging)
2015-11-17 17:39:45,487 INFO  [org.hornetq.core.server] (ServerService Thread Pool -- 56) HQ221006: Waiting to obtain live lock
2015-11-17 17:39:45,602 INFO  [org.jboss.as.jacorb] (MSC service thread 1-2) JBAS016330: CORBA ORB Service started
2015-11-17 17:39:45,856 INFO  [org.hornetq.core.server] (ServerService Thread Pool -- 56) HQ221013: Using NIO Journal
2015-11-17 17:39:45,956 INFO  [org.jboss.as.connector.subsystems.datasources] (MSC service thread 1-7) JBAS010400: Bound data source [java:jboss/datasources/ExampleDS]
2015-11-17 17:39:46,203 INFO  [io.netty.util.internal.PlatformDependent] (ServerService Thread Pool -- 56) Your platform does not provide complete low-level API for accessing direct buffers reliably. Unless explicitly requested, heap buffer will always be preferred to avoid potential system unstability.
2015-11-17 17:39:46,572 INFO  [org.hornetq.core.server] (ServerService Thread Pool -- 56) HQ221043: Adding protocol support CORE
2015-11-17 17:39:46,607 INFO  [org.jboss.as.jacorb] (MSC service thread 1-1) JBAS016328: CORBA Naming Service started
2015-11-17 17:39:46,904 INFO  [org.hornetq.core.server] (ServerService Thread Pool -- 56) HQ221043: Adding protocol support AMQP
2015-11-17 17:39:46,919 INFO  [org.hornetq.core.server] (ServerService Thread Pool -- 56) HQ221043: Adding protocol support STOMP
2015-11-17 17:39:47,189 INFO  [org.hornetq.core.server] (ServerService Thread Pool -- 56) HQ221034: Waiting to obtain live lock
2015-11-17 17:39:47,189 INFO  [org.hornetq.core.server] (ServerService Thread Pool -- 56) HQ221035: Live Server Obtained live lock
2015-11-17 17:39:48,223 INFO  [org.jboss.messaging] (MSC service thread 1-1) JBAS011615: Registered HTTP upgrade for hornetq-remoting protocol handled by http-acceptor-throughput acceptor
2015-11-17 17:39:48,223 INFO  [org.jboss.messaging] (MSC service thread 1-6) JBAS011615: Registered HTTP upgrade for hornetq-remoting protocol handled by http-acceptor acceptor
2015-11-17 17:39:48,924 INFO  [org.hornetq.core.server] (ServerService Thread Pool -- 56) HQ221007: Server is now live
2015-11-17 17:39:48,924 INFO  [org.hornetq.core.server] (ServerService Thread Pool -- 56) HQ221001: HornetQ Server version 2.4.5.FINAL (Wild Hornet, 124) [a75387c8-8228-11e5-88e0-35e23455c819] 
2015-11-17 17:39:48,927 INFO  [org.hornetq.core.server] (ServerService Thread Pool -- 56) HQ221003: trying to deploy queue jms.queue.DLQ
2015-11-17 17:39:48,928 INFO  [org.jboss.as.messaging] (ServerService Thread Pool -- 56) JBAS011601: Bound messaging object to jndi name java:/jms/queue/DLQ
2015-11-17 17:39:49,044 INFO  [org.jboss.as.messaging] (ServerService Thread Pool -- 60) JBAS011601: Bound messaging object to jndi name java:jboss/exported/jms/RemoteConnectionFactory
2015-11-17 17:39:49,044 INFO  [org.jboss.as.messaging] (ServerService Thread Pool -- 61) JBAS011601: Bound messaging object to jndi name java:/ConnectionFactory
2015-11-17 17:39:49,044 INFO  [org.hornetq.core.server] (ServerService Thread Pool -- 58) HQ221003: trying to deploy queue jms.topic.MyTopic
2015-11-17 17:39:49,059 INFO  [org.jboss.as.messaging] (ServerService Thread Pool -- 58) JBAS011601: Bound messaging object to jndi name java:/jms/watcherAuthJMS
2015-11-17 17:39:49,059 INFO  [org.hornetq.core.server] (ServerService Thread Pool -- 59) HQ221003: trying to deploy queue jms.queue.MyQueue
2015-11-17 17:39:49,059 INFO  [org.jboss.as.messaging] (ServerService Thread Pool -- 59) JBAS011601: Bound messaging object to jndi name java:/jms/queue/watcherqueue
2015-11-17 17:39:49,059 INFO  [org.hornetq.core.server] (ServerService Thread Pool -- 57) HQ221003: trying to deploy queue jms.queue.ExpiryQueue
2015-11-17 17:39:49,059 INFO  [org.jboss.as.messaging] (ServerService Thread Pool -- 57) JBAS011601: Bound messaging object to jndi name java:/jms/queue/ExpiryQueue
2015-11-17 17:39:49,244 INFO  [org.jboss.as.connector.deployment] (MSC service thread 1-2) JBAS010406: Registered connection factory java:/JmsXA
2015-11-17 17:39:49,286 INFO  [org.hornetq.ra] (MSC service thread 1-2) HornetQ resource adaptor started
2015-11-17 17:39:49,302 INFO  [org.jboss.as.connector.services.resourceadapters.ResourceAdapterActivatorService$ResourceAdapterActivator] (MSC service thread 1-2) IJ020002: Deployed: file://RaActivatorhornetq-ra
2015-11-17 17:39:49,302 INFO  [org.jboss.as.connector.deployment] (MSC service thread 1-2) JBAS010401: Bound JCA ConnectionFactory [java:/JmsXA]
2015-11-17 17:39:49,302 INFO  [org.jboss.ws.common.management] (MSC service thread 1-5) JBWS022052: Starting JBoss Web Services - Stack CXF Server 4.3.2.Final
2015-11-17 17:39:49,302 INFO  [org.jboss.as.messaging] (MSC service thread 1-2) JBAS011601: Bound messaging object to jndi name java:jboss/DefaultJMSConnectionFactory
2015-11-17 17:39:49,391 INFO  [org.jboss.as.connector.deployers.jdbc] (MSC service thread 1-7) JBAS010404: Deploying non-JDBC-compliant driver class com.mysql.jdbc.Driver (version 5.1)
2015-11-17 17:39:49,391 INFO  [org.jboss.as.connector.deployers.jdbc] (MSC service thread 1-7) JBAS010404: Deploying non-JDBC-compliant driver class com.mysql.fabric.jdbc.FabricMySQLDriver (version 5.1)
2015-11-17 17:39:49,428 INFO  [org.jboss.as.connector.deployers.jdbc] (MSC service thread 1-1) JBAS010417: Started Driver service with driver-name = mysql-connector-java-5.1.33.jar_com.mysql.jdbc.Driver_5_1
2015-11-17 17:39:49,428 INFO  [org.jboss.as.connector.deployers.jdbc] (MSC service thread 1-8) JBAS010417: Started Driver service with driver-name = mysql-connector-java-5.1.33.jar_com.mysql.fabric.jdbc.FabricMySQLDriver_5_1
2015-11-17 17:39:50,508 INFO  [org.wildfly.extension.undertow] (MSC service thread 1-7) JBAS017534: Registered web context: /FrontAuthWatcherWebService
2015-11-17 17:39:50,577 INFO  [org.jboss.as.server] (Controller Boot Thread) JBAS018559: Deployed "mysql-connector-java-5.1.33.jar" (runtime-name : "mysql-connector-java-5.1.33.jar")
2015-11-17 17:39:50,577 INFO  [org.jboss.as.server] (ServerService Thread Pool -- 31) JBAS018559: Deployed "FrontAuthWatcherWebService.war" (runtime-name : "FrontAuthWatcherWebService.war")
2015-11-17 17:39:50,709 INFO  [org.jboss.as] (Controller Boot Thread) JBAS015961: Http management interface listening on http://127.0.0.1:9990/management
2015-11-17 17:39:50,709 INFO  [org.jboss.as] (Controller Boot Thread) JBAS015951: Admin console listening on http://127.0.0.1:9990
2015-11-17 17:39:50,709 INFO  [org.jboss.as] (Controller Boot Thread) JBAS015874: WildFly 8.2.0.Final "Tweek" started in 22635ms - Started 327 of 388 services (113 services are lazy, passive or on-demand)
